building
CPU time 2.859 seconds.

solving
CPU time 0.657 seconds.

vars 0
clauses 0

plan
427 763 49 385 668 232 785 607 251 193 
451 762 49 384 668 232 785 607 251 193 
470 782 78 411 694 259 812 634 275 220 
496 809 106 439 722 284 812 661 304 247 
519 808 105 439 721 284 811 662 304 247 
520 808 130 439 720 311 811 663 305 248 
521 808 155 439 719 284 810 664 327 247 
522 808 130 459 745 284 810 665 305 220 
523 808 155 439 744 259 809 665 304 193 
524 808 154 439 743 232 809 665 305 220 
549 809 154 439 742 205 810 636 305 193 
550 810 154 439 741 205 783 637 305 193 
551 811 179 439 740 204 783 610 276 193 
552 812 205 459 739 178 782 584 252 166 
553 811 232 439 713 177 783 584 276 193 
554 810 259 439 712 176 784 610 252 193 
555 810 284 439 686 175 785 610 276 220 
556 810 311 439 685 174 786 637 277 221 
530 809 312 439 684 202 787 636 277 221 
531 808 313 439 683 201 787 637 276 221 
532 809 337 438 682 200 786 610 277 220 
557 782 365 437 657 199 785 584 306 193 
558 762 391 458 630 198 784 610 277 192 
579 739 418 481 629 197 764 610 306 191 
580 740 443 504 602 224 763 637 306 190 
581 714 444 530 574 251 740 636 328 189 
582 715 465 556 573 250 739 665 358 164 
583 687 490 577 552 249 713 665 358 141 
584 687 512 605 551 248 712 689 382 115 
585 663 513 604 550 247 711 665 358 114 
586 664 514 603 549 246 710 689 357 113 
587 665 539 630 524 245 709 689 358 112 
588 636 562 657 523 244 708 665 358 111 
612 637 561 682 499 243 707 689 358 85 
613 610 588 708 498 242 735 717 358 84 
614 584 587 709 497 241 734 718 328 83 
641 583 611 736 472 215 733 744 306 82 
