building
CPU time 0.187 seconds.

solving
CPU time 0.266 seconds.

building
CPU time 0.187 seconds.

solving
CPU time 0.281 seconds.

building
CPU time 0.188 seconds.

solving
CPU time 0.328 seconds.

building
CPU time 0.203 seconds.

solving
CPU time 0.406 seconds.

building
CPU time 0.219 seconds.

solving
CPU time 0.406 seconds.

vars 0
clauses 0

plan
98 1 99 1 100 1 
85 1 86 1 100 2 
72 1 73 1 101 2 
72 4 73 2 102 2 
71 4 74 2 102 1 
71 1 75 2 89 1 
61 1 75 1 76 1 
51 1 62 1 63 1 
41 1 52 1 53 1 
31 1 42 1 43 1 
19 1 32 1 33 1 
7 1 23 1 24 1 
7 2 11 1 24 4 
8 2 11 4 23 4 
8 3 10 4 22 4 
20 3 9 4 22 1 
20 4 8 4 10 1 
19 4 7 4 10 2 
18 4 7 3 11 2 
18 3 19 3 11 3 
30 3 31 3 23 3 
40 3 41 3 32 3 
50 3 51 3 42 3 
60 3 61 3 52 3 
70 3 71 3 62 3 
83 3 84 3 75 3 
96 3 97 3 88 3 
96 2 97 2 101 3 
97 2 98 2 101 4 
98 2 99 2 100 4 
